TN:
SF:src/config/prisma.js
FNF:0
FNH:0
DA:1,1
DA:3,1
DA:5,1
LF:3
LH:3
BRF:0
BRH:0
end_of_record
TN:
SF:src/v1/controllers/user.controller.js
FN:7,(anonymous_0)
FN:13,(anonymous_1)
FN:24,(anonymous_2)
FN:42,(anonymous_3)
FN:57,(anonymous_4)
FNF:5
FNH:5
FNDA:2,(anonymous_0)
FNDA:2,(anonymous_1)
FNDA:2,(anonymous_2)
FNDA:2,(anonymous_3)
FNDA:1,(anonymous_4)
DA:1,1
DA:3,1
DA:5,1
DA:7,1
DA:8,2
DA:10,2
DA:13,1
DA:14,2
DA:15,2
DA:16,2
DA:18,1
DA:20,1
DA:24,1
DA:25,2
DA:26,2
DA:28,2
DA:29,1
DA:32,1
DA:34,1
DA:38,0
DA:42,1
DA:43,2
DA:44,2
DA:46,2
DA:47,1
DA:50,1
DA:52,1
DA:57,1
DA:58,1
DA:59,1
DA:61,1
DA:63,1
DA:65,0
DA:69,1
LF:34
LH:32
BRDA:28,0,0,1
BRDA:28,0,1,1
BRDA:28,1,0,2
BRDA:28,1,1,2
BRDA:28,1,2,2
BRDA:46,2,0,1
BRDA:46,2,1,1
BRDA:46,3,0,2
BRDA:46,3,1,1
BRDA:46,3,2,1
BRF:10
BRH:10
end_of_record
TN:
SF:src/v1/services/user.service.js
FN:7,(anonymous_0)
FN:14,(anonymous_1)
FN:25,(anonymous_2)
FN:39,(anonymous_3)
FN:56,(anonymous_4)
FNF:5
FNH:5
FNDA:3,(anonymous_0)
FNDA:6,(anonymous_1)
FNDA:2,(anonymous_2)
FNDA:2,(anonymous_3)
FNDA:2,(anonymous_4)
DA:1,2
DA:2,2
DA:3,2
DA:5,2
DA:7,2
DA:8,3
DA:10,3
DA:13,2
DA:15,6
DA:17,6
DA:18,2
DA:21,4
DA:25,2
DA:26,2
DA:27,2
DA:28,2
DA:36,2
DA:39,2
DA:40,2
DA:42,2
DA:43,2
DA:44,2
DA:53,2
DA:56,2
DA:57,2
DA:59,2
DA:62,2
LF:27
LH:27
BRDA:17,0,0,2
BRDA:17,0,1,4
BRF:2
BRH:2
end_of_record
